<?xml version="1.0" encoding="UTF-8"?>
<!-- Generated by org.testng.reporters.JUnitReportReporter -->
<testsuite skipped="0" hostname="Mohammads-MacBook-Air.local" name="org.mountsinai.qa.tests.UnitTestingHere" tests="1" failures="0" timestamp="28 Jan 2020 23:58:55 GMT" time="40.952" errors="0">
  <testcase name="sendKeysToAmazonSearch" time="40.952" classname="org.mountsinai.qa.tests.UnitTestingHere"/>
</testsuite> <!-- org.mountsinai.qa.tests.UnitTestingHere -->
