<?xml version="1.0" encoding="UTF-8"?>
<!-- Generated by org.testng.reporters.JUnitReportReporter -->
<testsuite skipped="1" hostname="Mohammads-MacBook-Air.local" name="org.mountsinai.qa.tests.LearningSeleniumMethodsTest" tests="2" failures="0" timestamp="10 Jan 2020 17:04:38 GMT" time="0.314" errors="0">
  <testcase name="testContactNumber" time="0.314" classname="org.mountsinai.qa.tests.LearningSeleniumMethodsTest"/>
  <testcase name="testLogo" classname="org.mountsinai.qa.tests.LearningSeleniumMethodsTest">
    <skipped/>
  </testcase> <!-- testLogo -->
</testsuite> <!-- org.mountsinai.qa.tests.LearningSeleniumMethodsTest -->
