<?xml version="1.0" encoding="UTF-8"?>
<!-- Generated by org.testng.reporters.JUnitReportReporter -->
<testsuite skipped="0" hostname="Mohammads-MacBook-Air.local" name="org.mountsinai.qa.tests.LearningSeleniumMethodsTest" tests="10" failures="0" timestamp="14 Jan 2020 03:38:36 GMT" time="5.826" errors="0">
  <testcase name="testSpecialityButton" time="0.037" classname="org.mountsinai.qa.tests.LearningSeleniumMethodsTest"/>
  <testcase name="testBookAnAppointment" time="0.057" classname="org.mountsinai.qa.tests.LearningSeleniumMethodsTest"/>
  <testcase name="testPayMyBill" time="0.074" classname="org.mountsinai.qa.tests.LearningSeleniumMethodsTest"/>
  <testcase name="testHomePageTitle" time="0.010" classname="org.mountsinai.qa.tests.LearningSeleniumMethodsTest"/>
  <testcase name="testMyChart" time="0.141" classname="org.mountsinai.qa.tests.LearningSeleniumMethodsTest"/>
  <testcase name="testForPhysician" time="0.302" classname="org.mountsinai.qa.tests.LearningSeleniumMethodsTest"/>
  <testcase name="testSpecialityButton" time="0.023" classname="org.mountsinai.qa.tests.LearningSeleniumMethodsTest"/>
  <testcase name="testForPhysician" time="0.063" classname="org.mountsinai.qa.tests.LearningSeleniumMethodsTest"/>
  <testcase name="testLogo" time="0.044" classname="org.mountsinai.qa.tests.LearningSeleniumMethodsTest"/>
  <testcase name="testMountSinaiAtAGlance" time="5.075" classname="org.mountsinai.qa.tests.LearningSeleniumMethodsTest"/>
</testsuite> <!-- org.mountsinai.qa.tests.LearningSeleniumMethodsTest -->
